<?xml version="1.0" encoding="UTF-8"?>
<testng-results ignored="0" total="1" passed="1" failed="0" skipped="0">
  <reporter-output>
  </reporter-output>
  <suite started-at="2023-04-01T22:41:43 IST" name="All Test Suite" finished-at="2023-04-01T22:41:46 IST" duration-ms="3384">
    <groups>
    </groups>
    <test started-at="2023-04-01T22:41:43 IST" name="/Users/basu/RestAssuredNew/src/test/java/airlines/AirlineTests.java" finished-at="2023-04-01T22:41:46 IST" duration-ms="3384">
      <class name="airlines.AirlineTests">
        <test-method signature="createAirline()[pri:0, instance:airlines.AirlineTests@221ca495]" started-at="2023-04-01T22:41:43 IST" name="createAirline" finished-at="2023-04-01T22:41:46 IST" duration-ms="3194" status="PASS">
          <reporter-output>
          </reporter-output>
        </test-method> <!-- createAirline -->
      </class> <!-- airlines.AirlineTests -->
    </test> <!-- /Users/basu/RestAssuredNew/src/test/java/airlines/AirlineTests.java -->
  </suite> <!-- All Test Suite -->
</testng-results>
